# JRE version: OpenJDK Runtime Environment (11.0.10) (build 11.0.10+0-b96-7249189)
# Java VM: OpenJDK 64-Bit Server VM (11.0.10+0-b96-7249189, mixed mode, tiered, compressed oops, g1 gc, linux-amd64)
Heap:
 garbage-first heap   total 415744K, used 86753K [0x0000000080000000, 0x0000000100000000)
  region size 1024K, 1 young (1024K), 1 survivors (1024K)
 Metaspace       used 99651K, capacity 103089K, committed 103244K, reserved 1138688K
  class space    used 13313K, capacity 14630K, committed 14668K, reserved 1048576K
GC Heap History (20 events):
Event: 45.184 GC heap after
{Heap after GC invocations=11 (full 0):
 garbage-first heap   total 192512K, used 51745K [0x0000000080000000, 0x0000000100000000)
  region size 1024K, 11 young (11264K), 11 survivors (11264K)
 Metaspace       used 64605K, capacity 66292K, committed 66508K, reserved 1107968K
  class space    used 8302K, capacity 8882K, committed 8908K, reserved 1048576K
}
Event: 47.259 GC heap before
{Heap before GC invocations=11 (full 0):
 garbage-first heap   total 192512K, used 137761K [0x0000000080000000, 0x0000000100000000)
  region size 1024K, 95 young (97280K), 11 survivors (11264K)
 Metaspace       used 69920K, capacity 71695K, committed 72012K, reserved 1112064K
  class space    used 9110K, capacity 9724K, committed 9804K, reserved 1048576K
}
Event: 47.274 GC heap after
{Heap after GC invocations=12 (full 0):
 garbage-first heap   total 192512K, used 57811K [0x0000000080000000, 0x0000000100000000)
  region size 1024K, 7 young (7168K), 7 survivors (7168K)
 Metaspace       used 69920K, capacity 71695K, committed 72012K, reserved 1112064K
  class space    used 9110K, capacity 9724K, committed 9804K, reserved 1048576K
}
Event: 54.717 GC heap before
{Heap before GC invocations=12 (full 0):
 garbage-first heap   total 192512K, used 142803K [0x0000000080000000, 0x0000000100000000)
  region size 1024K, 90 young (92160K), 7 survivors (7168K)
 Metaspace       used 77356K, capacity 79442K, committed 79564K, reserved 1118208K
  class space    used 10171K, capacity 10914K, committed 10956K, reserved 1048576K
}
Event: 54.730 GC heap after
{Heap after GC invocations=13 (full 0):
 garbage-first heap   total 192512K, used 63440K [0x0000000080000000, 0x0000000100000000)
  region size 1024K, 12 young (12288K), 12 survivors (12288K)
 Metaspace       used 77356K, capacity 79442K, committed 79564K, reserved 1118208K
  class space    used 10171K, capacity 10914K, committed 10956K, reserved 1048576K
}
Event: 66.877 GC heap before
{Heap before GC invocations=13 (full 0):
 garbage-first heap   total 192512K, used 145360K [0x0000000080000000, 0x0000000100000000)
  region size 1024K, 93 young (95232K), 12 survivors (12288K)
 Metaspace       used 78297K, capacity 80415K, committed 80716K, reserved 1118208K
  class space    used 10232K, capacity 10974K, committed 11084K, reserved 1048576K
}
Event: 66.903 GC heap after
{Heap after GC invocations=14 (full 0):
 garbage-first heap   total 192512K, used 69325K [0x0000000080000000, 0x0000000100000000)
  region size 1024K, 7 young (7168K), 7 survivors (7168K)
 Metaspace       used 78297K, capacity 80415K, committed 80716K, reserved 1118208K
  class space    used 10232K, capacity 10974K, committed 11084K, reserved 1048576K
}
Event: 77.594 GC heap before
{Heap before GC invocations=14 (full 0):
 garbage-first heap   total 192512K, used 151245K [0x0000000080000000, 0x0000000100000000)
  region size 1024K, 86 young (88064K), 7 survivors (7168K)
 Metaspace       used 86235K, capacity 88449K, committed 88652K, reserved 1126400K
  class space    used 11197K, capacity 12020K, committed 12108K, reserved 1048576K
}
Event: 77.610 GC heap after
{Heap after GC invocations=15 (full 0):
 garbage-first heap   total 192512K, used 81346K [0x0000000080000000, 0x0000000100000000)
  region size 1024K, 11 young (11264K), 11 survivors (11264K)
 Metaspace       used 86235K, capacity 88449K, committed 88652K, reserved 1126400K
  class space    used 11197K, capacity 12020K, committed 12108K, reserved 1048576K
}
Event: 83.383 GC heap before
{Heap before GC invocations=15 (full 0):
 garbage-first heap   total 192512K, used 149954K [0x0000000080000000, 0x0000000100000000)
  region size 1024K, 79 young (80896K), 11 survivors (11264K)
 Metaspace       used 88488K, capacity 90796K, committed 90956K, reserved 1128448K
  class space    used 11429K, capacity 12272K, committed 12364K, reserved 1048576K
}
Event: 83.395 GC heap after
{Heap after GC invocations=16 (full 0):
 garbage-first heap   total 192512K, used 83944K [0x0000000080000000, 0x0000000100000000)
  region size 1024K, 4 young (4096K), 4 survivors (4096K)
 Metaspace       used 88488K, capacity 90796K, committed 90956K, reserved 1128448K
  class space    used 11429K, capacity 12272K, committed 12364K, reserved 1048576K
}
Event: 133.746 GC heap before
{Heap before GC invocations=16 (full 0):
 garbage-first heap   total 192512K, used 145384K [0x0000000080000000, 0x0000000100000000)
  region size 1024K, 66 young (67584K), 4 survivors (4096K)
 Metaspace       used 97617K, capacity 100651K, committed 100820K, reserved 1136640K
  class space    used 12970K, capacity 14117K, committed 14156K, reserved 1048576K
}
Event: 136.424 GC heap after
{Heap after GC invocations=17 (full 0):
 garbage-first heap   total 192512K, used 86132K [0x0000000080000000, 0x0000000100000000)
  region size 1024K, 6 young (6144K), 6 survivors (6144K)
 Metaspace       used 97617K, capacity 100651K, committed 100820K, reserved 1136640K
  class space    used 12970K, capacity 14117K, committed 14156K, reserved 1048576K
}
Event: 162.895 GC heap before
{Heap before GC invocations=18 (full 0):
 garbage-first heap   total 192512K, used 89204K [0x0000000080000000, 0x0000000100000000)
  region size 1024K, 9 young (9216K), 6 survivors (6144K)
 Metaspace       used 97917K, capacity 100979K, committed 101408K, reserved 1136640K
  class space    used 13002K, capacity 14160K, committed 14284K, reserved 1048576K
}
Event: 171.271 GC heap after
{Heap after GC invocations=19 (full 0):
 garbage-first heap   total 192512K, used 86650K [0x0000000080000000, 0x0000000100000000)
  region size 1024K, 1 young (1024K), 1 survivors (1024K)
 Metaspace       used 97917K, capacity 100979K, committed 101408K, reserved 1136640K
  class space    used 13002K, capacity 14160K, committed 14284K, reserved 1048576K
}
Event: 222.429 GC heap before
{Heap before GC invocations=19 (full 0):
 garbage-first heap   total 192512K, used 93818K [0x0000000080000000, 0x0000000100000000)
  region size 1024K, 9 young (9216K), 1 survivors (1024K)
 Metaspace       used 99122K, capacity 102435K, committed 102604K, reserved 1136640K
  class space    used 13231K, capacity 14481K, committed 14540K, reserved 1048576K
}
Event: 225.970 GC heap after
{Heap after GC invocations=20 (full 0):
 garbage-first heap   total 192512K, used 87329K [0x0000000080000000, 0x0000000100000000)
  region size 1024K, 2 young (2048K), 2 survivors (2048K)
 Metaspace       used 99122K, capacity 102435K, committed 102604K, reserved 1136640K
  class space    used 13231K, capacity 14481K, committed 14540K, reserved 1048576K
}
Event: 256.562 GC heap before
{Heap before GC invocations=20 (full 0):
 garbage-first heap   total 192512K, used 93473K [0x0000000080000000, 0x0000000100000000)
  region size 1024K, 9 young (9216K), 2 survivors (2048K)
 Metaspace       used 99627K, capacity 103089K, committed 103244K, reserved 1138688K
  class space    used 13312K, capacity 14630K, committed 14668K, reserved 1048576K
}
Event: 258.904 GC heap after
{Heap after GC invocations=21 (full 0):
 garbage-first heap   total 192512K, used 86549K [0x0000000080000000, 0x0000000100000000)
  region size 1024K, 1 young (1024K), 1 survivors (1024K)
 Metaspace       used 99627K, capacity 103089K, committed 103244K, reserved 1138688K
  class space    used 13312K, capacity 14630K, committed 14668K, reserved 1048576K
}
Event: 265.936 GC heap before
{Heap before GC invocations=21 (full 0):
 garbage-first heap   total 192512K, used 93717K [0x0000000080000000, 0x0000000100000000)
  region size 1024K, 9 young (9216K), 1 survivors (1024K)
 Metaspace       used 99651K, capacity 103089K, committed 103244K, reserved 1138688K
  class space    used 13313K, capacity 14630K, committed 14668K, reserved 1048576K
}

